# JRE version: OpenJDK Runtime Environment (8.0_152-b01) (build 1.8.0_152-release-1248-b01)
# Java VM: OpenJDK 64-Bit Server VM (25.152-b01 mixed mode windows-amd64 compressed oops)
Heap:
 PSYoungGen      total 160768K, used 111902K [0x00000000e0000000, 0x00000000ee000000, 0x0000000100000000)
  eden space 146944K, 76% used [0x00000000e0000000,0x00000000e6d47ac0,0x00000000e8f80000)
  from space 13824K, 0% used [0x00000000e9c80000,0x00000000e9c80000,0x00000000eaa00000)
  to   space 13312K, 0% used [0x00000000e8f80000,0x00000000e8f80000,0x00000000e9c80000)
 ParOldGen       total 108032K, used 15096K [0x00000000a0000000, 0x00000000a6980000, 0x00000000e0000000)
  object space 108032K, 13% used [0x00000000a0000000,0x00000000a0ebe240,0x00000000a6980000)
 Metaspace       used 41933K, capacity 42702K, committed 42840K, reserved 1085440K
  class space    used 5716K, capacity 5997K, committed 6016K, reserved 1048576K
GC Heap History (10 events):
Event: 2.952 GC heap before
{Heap before GC invocations=4 (full 1):
 PSYoungGen      total 75776K, used 9600K [0x00000000e0000000, 0x00000000e9400000, 0x0000000100000000)
  eden space 65024K, 0% used [0x00000000e0000000,0x00000000e0000000,0x00000000e3f80000)
  from space 10752K, 89% used [0x00000000e3f80000,0x00000000e48e0010,0x00000000e4a00000)
  to   space 10752K, 0% used [0x00000000e8980000,0x00000000e8980000,0x00000000e9400000)
 ParOldGen       total 173568K, used 32K [0x00000000a0000000, 0x00000000aa980000, 0x00000000e0000000)
  object space 173568K, 0% used [0x00000000a0000000,0x00000000a0008000,0x00000000aa980000)
 Metaspace       used 20775K, capacity 21102K, committed 21248K, reserved 1067008K
  class space    used 2900K, capacity 3035K, committed 3072K, reserved 1048576K
Event: 2.997 GC heap after
Heap after GC invocations=4 (full 1):
 PSYoungGen      total 75776K, used 0K [0x00000000e0000000, 0x00000000e9400000, 0x0000000100000000)
  eden space 65024K, 0% used [0x00000000e0000000,0x00000000e0000000,0x00000000e3f80000)
  from space 10752K, 0% used [0x00000000e3f80000,0x00000000e3f80000,0x00000000e4a00000)
  to   space 10752K, 0% used [0x00000000e8980000,0x00000000e8980000,0x00000000e9400000)
 ParOldGen       total 108032K, used 9378K [0x00000000a0000000, 0x00000000a6980000, 0x00000000e0000000)
  object space 108032K, 8% used [0x00000000a0000000,0x00000000a0928bd8,0x00000000a6980000)
 Metaspace       used 20775K, capacity 21102K, committed 21248K, reserved 1067008K
  class space    used 2900K, capacity 3035K, committed 3072K, reserved 1048576K
}
Event: 4.252 GC heap before
{Heap before GC invocations=5 (full 1):
 PSYoungGen      total 75776K, used 65024K [0x00000000e0000000, 0x00000000e9400000, 0x0000000100000000)
  eden space 65024K, 100% used [0x00000000e0000000,0x00000000e3f80000,0x00000000e3f80000)
  from space 10752K, 0% used [0x00000000e3f80000,0x00000000e3f80000,0x00000000e4a00000)
  to   space 10752K, 0% used [0x00000000e8980000,0x00000000e8980000,0x00000000e9400000)
 ParOldGen       total 108032K, used 9378K [0x00000000a0000000, 0x00000000a6980000, 0x00000000e0000000)
  object space 108032K, 8% used [0x00000000a0000000,0x00000000a0928bd8,0x00000000a6980000)
 Metaspace       used 26503K, capacity 26794K, committed 27136K, reserved 1073152K
  class space    used 3595K, capacity 3736K, committed 3840K, reserved 1048576K
Event: 4.273 GC heap after
Heap after GC invocations=5 (full 1):
 PSYoungGen      total 104448K, used 7125K [0x00000000e0000000, 0x00000000e9080000, 0x0000000100000000)
  eden space 97280K, 0% used [0x00000000e0000000,0x00000000e0000000,0x00000000e5f00000)
  from space 7168K, 99% used [0x00000000e8980000,0x00000000e9075438,0x00000000e9080000)
  to   space 10752K, 0% used [0x00000000e7b80000,0x00000000e7b80000,0x00000000e8600000)
 ParOldGen       total 108032K, used 9386K [0x00000000a0000000, 0x00000000a6980000, 0x00000000e0000000)
  object space 108032K, 8% used [0x00000000a0000000,0x00000000a092abd8,0x00000000a6980000)
 Metaspace       used 26503K, capacity 26794K, committed 27136K, reserved 1073152K
  class space    used 3595K, capacity 3736K, committed 3840K, reserved 1048576K
}
Event: 5.913 GC heap before
{Heap before GC invocations=6 (full 1):
 PSYoungGen      total 104448K, used 104405K [0x00000000e0000000, 0x00000000e9080000, 0x0000000100000000)
  eden space 97280K, 100% used [0x00000000e0000000,0x00000000e5f00000,0x00000000e5f00000)
  from space 7168K, 99% used [0x00000000e8980000,0x00000000e9075438,0x00000000e9080000)
  to   space 10752K, 0% used [0x00000000e7b80000,0x00000000e7b80000,0x00000000e8600000)
 ParOldGen       total 108032K, used 9386K [0x00000000a0000000, 0x00000000a6980000, 0x00000000e0000000)
  object space 108032K, 8% used [0x00000000a0000000,0x00000000a092abd8,0x00000000a6980000)
 Metaspace       used 33557K, capacity 34098K, committed 34432K, reserved 1079296K
  class space    used 4653K, capacity 4870K, committed 4992K, reserved 1048576K
Event: 5.940 GC heap after
Heap after GC invocations=6 (full 1):
 PSYoungGen      total 137216K, used 10727K [0x00000000e0000000, 0x00000000eaa00000, 0x0000000100000000)
  eden space 126464K, 0% used [0x00000000e0000000,0x00000000e0000000,0x00000000e7b80000)
  from space 10752K, 99% used [0x00000000e7b80000,0x00000000e85f9e30,0x00000000e8600000)
  to   space 13824K, 0% used [0x00000000e9c80000,0x00000000e9c80000,0x00000000eaa00000)
 ParOldGen       total 108032K, used 11210K [0x00000000a0000000, 0x00000000a6980000, 0x00000000e0000000)
  object space 108032K, 10% used [0x00000000a0000000,0x00000000a0af2828,0x00000000a6980000)
 Metaspace       used 33557K, capacity 34098K, committed 34432K, reserved 1079296K
  class space    used 4653K, capacity 4870K, committed 4992K, reserved 1048576K
}
Event: 6.128 GC heap before
{Heap before GC invocations=7 (full 1):
 PSYoungGen      total 137216K, used 18949K [0x00000000e0000000, 0x00000000eaa00000, 0x0000000100000000)
  eden space 126464K, 6% used [0x00000000e0000000,0x00000000e08077c8,0x00000000e7b80000)
  from space 10752K, 99% used [0x00000000e7b80000,0x00000000e85f9e30,0x00000000e8600000)
  to   space 13824K, 0% used [0x00000000e9c80000,0x00000000e9c80000,0x00000000eaa00000)
 ParOldGen       total 108032K, used 11210K [0x00000000a0000000, 0x00000000a6980000, 0x00000000e0000000)
  object space 108032K, 10% used [0x00000000a0000000,0x00000000a0af2828,0x00000000a6980000)
 Metaspace       used 34596K, capacity 35154K, committed 35416K, reserved 1079296K
  class space    used 4754K, capacity 4966K, committed 4992K, reserved 1048576K
Event: 6.137 GC heap after
Heap after GC invocations=7 (full 1):
 PSYoungGen      total 160768K, used 8247K [0x00000000e0000000, 0x00000000ee000000, 0x0000000100000000)
  eden space 146944K, 0% used [0x00000000e0000000,0x00000000e0000000,0x00000000e8f80000)
  from space 13824K, 59% used [0x00000000e9c80000,0x00000000ea48df30,0x00000000eaa00000)
  to   space 13312K, 0% used [0x00000000e8f80000,0x00000000e8f80000,0x00000000e9c80000)
 ParOldGen       total 108032K, used 11218K [0x00000000a0000000, 0x00000000a6980000, 0x00000000e0000000)
  object space 108032K, 10% used [0x00000000a0000000,0x00000000a0af4828,0x00000000a6980000)
 Metaspace       used 34596K, capacity 35154K, committed 35416K, reserved 1079296K
  class space    used 4754K, capacity 4966K, committed 4992K, reserved 1048576K
}
Event: 6.137 GC heap before
{Heap before GC invocations=8 (full 2):
 PSYoungGen      total 160768K, used 8247K [0x00000000e0000000, 0x00000000ee000000, 0x0000000100000000)
  eden space 146944K, 0% used [0x00000000e0000000,0x00000000e0000000,0x00000000e8f80000)
  from space 13824K, 59% used [0x00000000e9c80000,0x00000000ea48df30,0x00000000eaa00000)
  to   space 13312K, 0% used [0x00000000e8f80000,0x00000000e8f80000,0x00000000e9c80000)
 ParOldGen       total 108032K, used 11218K [0x00000000a0000000, 0x00000000a6980000, 0x00000000e0000000)
  object space 108032K, 10% used [0x00000000a0000000,0x00000000a0af4828,0x00000000a6980000)
 Metaspace       used 34596K, capacity 35154K, committed 35416K, reserved 1079296K
  class space    used 4754K, capacity 4966K, committed 4992K, reserved 1048576K
Event: 6.189 GC heap after
Heap after GC invocations=8 (full 2):
 PSYoungGen      total 160768K, used 0K [0x00000000e0000000, 0x00000000ee000000, 0x0000000100000000)
  eden space 146944K, 0% used [0x00000000e0000000,0x00000000e0000000,0x00000000e8f80000)
  from space 13824K, 0% used [0x00000000e9c80000,0x00000000e9c80000,0x00000000eaa00000)
  to   space 13312K, 0% used [0x00000000e8f80000,0x00000000e8f80000,0x00000000e9c80000)
 ParOldGen       total 108032K, used 15096K [0x00000000a0000000, 0x00000000a6980000, 0x00000000e0000000)
  object space 108032K, 13% used [0x00000000a0000000,0x00000000a0ebe240,0x00000000a6980000)
 Metaspace       used 34596K, capacity 35154K, committed 35416K, reserved 1079296K
  class space    used 4754K, capacity 4966K, committed 4992K, reserved 1048576K
}

