# JRE version: OpenJDK Runtime Environment (8.0_152-b01) (build 1.8.0_152-release-1248-b01)
# Java VM: OpenJDK 64-Bit Server VM (25.152-b01 mixed mode windows-amd64 compressed oops)
Heap:
 PSYoungGen      total 106496K, used 25261K [0x00000000e0000000, 0x00000000ea100000, 0x0000000100000000)
  eden space 94720K, 14% used [0x00000000e0000000,0x00000000e0d30c10,0x00000000e5c80000)
  from space 11776K, 99% used [0x00000000e5c80000,0x00000000e67fa8a0,0x00000000e6800000)
  to   space 13312K, 0% used [0x00000000e9400000,0x00000000e9400000,0x00000000ea100000)
 ParOldGen       total 165888K, used 18445K [0x00000000a0000000, 0x00000000aa200000, 0x00000000e0000000)
  object space 165888K, 11% used [0x00000000a0000000,0x00000000a12036d8,0x00000000aa200000)
 Metaspace       used 41870K, capacity 42634K, committed 42840K, reserved 1085440K
  class space    used 5708K, capacity 5997K, committed 6016K, reserved 1048576K
GC Heap History (10 events):
Event: 6.969 GC heap before
{Heap before GC invocations=5 (full 1):
 PSYoungGen      total 75776K, used 65024K [0x00000000e0000000, 0x00000000e5480000, 0x0000000100000000)
  eden space 65024K, 100% used [0x00000000e0000000,0x00000000e3f80000,0x00000000e3f80000)
  from space 10752K, 0% used [0x00000000e3f80000,0x00000000e3f80000,0x00000000e4a00000)
  to   space 10752K, 0% used [0x00000000e4a00000,0x00000000e4a00000,0x00000000e5480000)
 ParOldGen       total 108032K, used 9376K [0x00000000a0000000, 0x00000000a6980000, 0x00000000e0000000)
  object space 108032K, 8% used [0x00000000a0000000,0x00000000a09280a0,0x00000000a6980000)
 Metaspace       used 26521K, capacity 26794K, committed 27136K, reserved 1073152K
  class space    used 3596K, capacity 3736K, committed 3840K, reserved 1048576K
Event: 6.981 GC heap after
Heap after GC invocations=5 (full 1):
 PSYoungGen      total 75776K, used 7055K [0x00000000e0000000, 0x00000000e7280000, 0x0000000100000000)
  eden space 65024K, 0% used [0x00000000e0000000,0x00000000e0000000,0x00000000e3f80000)
  from space 10752K, 65% used [0x00000000e4a00000,0x00000000e50e3f30,0x00000000e5480000)
  to   space 10752K, 0% used [0x00000000e3f80000,0x00000000e3f80000,0x00000000e4a00000)
 ParOldGen       total 108032K, used 9384K [0x00000000a0000000, 0x00000000a6980000, 0x00000000e0000000)
  object space 108032K, 8% used [0x00000000a0000000,0x00000000a092a0a0,0x00000000a6980000)
 Metaspace       used 26521K, capacity 26794K, committed 27136K, reserved 1073152K
  class space    used 3596K, capacity 3736K, committed 3840K, reserved 1048576K
}
Event: 8.300 GC heap before
{Heap before GC invocations=6 (full 1):
 PSYoungGen      total 75776K, used 72079K [0x00000000e0000000, 0x00000000e7280000, 0x0000000100000000)
  eden space 65024K, 100% used [0x00000000e0000000,0x00000000e3f80000,0x00000000e3f80000)
  from space 10752K, 65% used [0x00000000e4a00000,0x00000000e50e3f30,0x00000000e5480000)
  to   space 10752K, 0% used [0x00000000e3f80000,0x00000000e3f80000,0x00000000e4a00000)
 ParOldGen       total 108032K, used 9384K [0x00000000a0000000, 0x00000000a6980000, 0x00000000e0000000)
  object space 108032K, 8% used [0x00000000a0000000,0x00000000a092a0a0,0x00000000a6980000)
 Metaspace       used 29856K, capacity 30172K, committed 30464K, reserved 1075200K
  class space    used 4143K, capacity 4286K, committed 4352K, reserved 1048576K
Event: 8.310 GC heap after
Heap after GC invocations=6 (full 1):
 PSYoungGen      total 75776K, used 8406K [0x00000000e0000000, 0x00000000e7300000, 0x0000000100000000)
  eden space 65024K, 0% used [0x00000000e0000000,0x00000000e0000000,0x00000000e3f80000)
  from space 10752K, 78% used [0x00000000e3f80000,0x00000000e47b5850,0x00000000e4a00000)
  to   space 11264K, 0% used [0x00000000e6800000,0x00000000e6800000,0x00000000e7300000)
 ParOldGen       total 108032K, used 9392K [0x00000000a0000000, 0x00000000a6980000, 0x00000000e0000000)
  object space 108032K, 8% used [0x00000000a0000000,0x00000000a092c0a0,0x00000000a6980000)
 Metaspace       used 29856K, capacity 30172K, committed 30464K, reserved 1075200K
  class space    used 4143K, capacity 4286K, committed 4352K, reserved 1048576K
}
Event: 9.113 GC heap before
{Heap before GC invocations=7 (full 1):
 PSYoungGen      total 75776K, used 48399K [0x00000000e0000000, 0x00000000e7300000, 0x0000000100000000)
  eden space 65024K, 61% used [0x00000000e0000000,0x00000000e270e428,0x00000000e3f80000)
  from space 10752K, 78% used [0x00000000e3f80000,0x00000000e47b5850,0x00000000e4a00000)
  to   space 11264K, 0% used [0x00000000e6800000,0x00000000e6800000,0x00000000e7300000)
 ParOldGen       total 108032K, used 9392K [0x00000000a0000000, 0x00000000a6980000, 0x00000000e0000000)
  object space 108032K, 8% used [0x00000000a0000000,0x00000000a092c0a0,0x00000000a6980000)
 Metaspace       used 34616K, capacity 35218K, committed 35416K, reserved 1079296K
  class space    used 4755K, capacity 4966K, committed 4992K, reserved 1048576K
Event: 9.128 GC heap after
Heap after GC invocations=7 (full 1):
 PSYoungGen      total 105984K, used 10104K [0x00000000e0000000, 0x00000000e7880000, 0x0000000100000000)
  eden space 94720K, 0% used [0x00000000e0000000,0x00000000e0000000,0x00000000e5c80000)
  from space 11264K, 89% used [0x00000000e6800000,0x00000000e71de318,0x00000000e7300000)
  to   space 11776K, 0% used [0x00000000e5c80000,0x00000000e5c80000,0x00000000e6800000)
 ParOldGen       total 108032K, used 9400K [0x00000000a0000000, 0x00000000a6980000, 0x00000000e0000000)
  object space 108032K, 8% used [0x00000000a0000000,0x00000000a092e0a0,0x00000000a6980000)
 Metaspace       used 34616K, capacity 35218K, committed 35416K, reserved 1079296K
  class space    used 4755K, capacity 4966K, committed 4992K, reserved 1048576K
}
Event: 9.128 GC heap before
{Heap before GC invocations=8 (full 2):
 PSYoungGen      total 105984K, used 10104K [0x00000000e0000000, 0x00000000e7880000, 0x0000000100000000)
  eden space 94720K, 0% used [0x00000000e0000000,0x00000000e0000000,0x00000000e5c80000)
  from space 11264K, 89% used [0x00000000e6800000,0x00000000e71de318,0x00000000e7300000)
  to   space 11776K, 0% used [0x00000000e5c80000,0x00000000e5c80000,0x00000000e6800000)
 ParOldGen       total 108032K, used 9400K [0x00000000a0000000, 0x00000000a6980000, 0x00000000e0000000)
  object space 108032K, 8% used [0x00000000a0000000,0x00000000a092e0a0,0x00000000a6980000)
 Metaspace       used 34616K, capacity 35218K, committed 35416K, reserved 1079296K
  class space    used 4755K, capacity 4966K, committed 4992K, reserved 1048576K
Event: 9.181 GC heap after
Heap after GC invocations=8 (full 2):
 PSYoungGen      total 105984K, used 0K [0x00000000e0000000, 0x00000000e7880000, 0x0000000100000000)
  eden space 94720K, 0% used [0x00000000e0000000,0x00000000e0000000,0x00000000e5c80000)
  from space 11264K, 0% used [0x00000000e6800000,0x00000000e6800000,0x00000000e7300000)
  to   space 11776K, 0% used [0x00000000e5c80000,0x00000000e5c80000,0x00000000e6800000)
 ParOldGen       total 165888K, used 16841K [0x00000000a0000000, 0x00000000aa200000, 0x00000000e0000000)
  object space 165888K, 10% used [0x00000000a0000000,0x00000000a1072670,0x00000000aa200000)
 Metaspace       used 34616K, capacity 35218K, committed 35416K, reserved 1079296K
  class space    used 4755K, capacity 4966K, committed 4992K, reserved 1048576K
}
Event: 11.099 GC heap before
{Heap before GC invocations=9 (full 2):
 PSYoungGen      total 105984K, used 94720K [0x00000000e0000000, 0x00000000e7880000, 0x0000000100000000)
  eden space 94720K, 100% used [0x00000000e0000000,0x00000000e5c80000,0x00000000e5c80000)
  from space 11264K, 0% used [0x00000000e6800000,0x00000000e6800000,0x00000000e7300000)
  to   space 11776K, 0% used [0x00000000e5c80000,0x00000000e5c80000,0x00000000e6800000)
 ParOldGen       total 165888K, used 16841K [0x00000000a0000000, 0x00000000aa200000, 0x00000000e0000000)
  object space 165888K, 10% used [0x00000000a0000000,0x00000000a1072670,0x00000000aa200000)
 Metaspace       used 41590K, capacity 42378K, committed 42584K, reserved 1085440K
  class space    used 5659K, capacity 5933K, committed 6016K, reserved 1048576K
Event: 11.111 GC heap after
Heap after GC invocations=9 (full 2):
 PSYoungGen      total 106496K, used 11754K [0x00000000e0000000, 0x00000000ea100000, 0x0000000100000000)
  eden space 94720K, 0% used [0x00000000e0000000,0x00000000e0000000,0x00000000e5c80000)
  from space 11776K, 99% used [0x00000000e5c80000,0x00000000e67fa8a0,0x00000000e6800000)
  to   space 13312K, 0% used [0x00000000e9400000,0x00000000e9400000,0x00000000ea100000)
 ParOldGen       total 165888K, used 18445K [0x00000000a0000000, 0x00000000aa200000, 0x00000000e0000000)
  object space 165888K, 11% used [0x00000000a0000000,0x00000000a12036d8,0x00000000aa200000)
 Metaspace       used 41590K, capacity 42378K, committed 42584K, reserved 1085440K
  class space    used 5659K, capacity 5933K, committed 6016K, reserved 1048576K
}

