# JRE version: OpenJDK Runtime Environment (8.0_152-b01) (build 1.8.0_152-release-1248-b01)
# Java VM: OpenJDK 64-Bit Server VM (25.152-b01 mixed mode windows-amd64 compressed oops)
Heap:
 PSYoungGen      total 165376K, used 18663K [0x00000000e0000000, 0x00000000edf00000, 0x0000000100000000)
  eden space 141312K, 13% used [0x00000000e0000000,0x00000000e1239de8,0x00000000e8a00000)
  from space 24064K, 0% used [0x00000000ec780000,0x00000000ec780000,0x00000000edf00000)
  to   space 16896K, 0% used [0x00000000e8a00000,0x00000000e8a00000,0x00000000e9a80000)
 ParOldGen       total 168960K, used 47664K [0x00000000a0000000, 0x00000000aa500000, 0x00000000e0000000)
  object space 168960K, 28% used [0x00000000a0000000,0x00000000a2e8c030,0x00000000aa500000)
 Metaspace       used 57103K, capacity 59670K, committed 59776K, reserved 1099776K
  class space    used 7812K, capacity 8567K, committed 8576K, reserved 1048576K
GC Heap History (10 events):
Event: 8.201 GC heap before
{Heap before GC invocations=9 (full 2):
 PSYoungGen      total 109056K, used 97792K [0x00000000e0000000, 0x00000000e7b00000, 0x0000000100000000)
  eden space 97792K, 100% used [0x00000000e0000000,0x00000000e5f80000,0x00000000e5f80000)
  from space 11264K, 0% used [0x00000000e6b00000,0x00000000e6b00000,0x00000000e7600000)
  to   space 11776K, 0% used [0x00000000e5f80000,0x00000000e5f80000,0x00000000e6b00000)
 ParOldGen       total 168960K, used 16837K [0x00000000a0000000, 0x00000000aa500000, 0x00000000e0000000)
  object space 168960K, 9% used [0x00000000a0000000,0x00000000a1071640,0x00000000aa500000)
 Metaspace       used 41780K, capacity 42544K, committed 42880K, reserved 1085440K
  class space    used 5689K, capacity 5966K, committed 6016K, reserved 1048576K
Event: 8.219 GC heap after
Heap after GC invocations=9 (full 2):
 PSYoungGen      total 109568K, used 11757K [0x00000000e0000000, 0x00000000ea800000, 0x0000000100000000)
  eden space 97792K, 0% used [0x00000000e0000000,0x00000000e0000000,0x00000000e5f80000)
  from space 11776K, 99% used [0x00000000e5f80000,0x00000000e6afb770,0x00000000e6b00000)
  to   space 13824K, 0% used [0x00000000e9a80000,0x00000000e9a80000,0x00000000ea800000)
 ParOldGen       total 168960K, used 18776K [0x00000000a0000000, 0x00000000aa500000, 0x00000000e0000000)
  object space 168960K, 11% used [0x00000000a0000000,0x00000000a12561c0,0x00000000aa500000)
 Metaspace       used 41780K, capacity 42544K, committed 42880K, reserved 1085440K
  class space    used 5689K, capacity 5966K, committed 6016K, reserved 1048576K
}
Event: 9.647 GC heap before
{Heap before GC invocations=10 (full 2):
 PSYoungGen      total 109568K, used 109549K [0x00000000e0000000, 0x00000000ea800000, 0x0000000100000000)
  eden space 97792K, 100% used [0x00000000e0000000,0x00000000e5f80000,0x00000000e5f80000)
  from space 11776K, 99% used [0x00000000e5f80000,0x00000000e6afb770,0x00000000e6b00000)
  to   space 13824K, 0% used [0x00000000e9a80000,0x00000000e9a80000,0x00000000ea800000)
 ParOldGen       total 168960K, used 18776K [0x00000000a0000000, 0x00000000aa500000, 0x00000000e0000000)
  object space 168960K, 11% used [0x00000000a0000000,0x00000000a12561c0,0x00000000aa500000)
 Metaspace       used 48235K, capacity 49230K, committed 49536K, reserved 1091584K
  class space    used 6559K, capacity 6956K, committed 7040K, reserved 1048576K
Event: 9.664 GC heap after
Heap after GC invocations=10 (full 2):
 PSYoungGen      total 155136K, used 13817K [0x00000000e0000000, 0x00000000ead00000, 0x0000000100000000)
  eden space 141312K, 0% used [0x00000000e0000000,0x00000000e0000000,0x00000000e8a00000)
  from space 13824K, 99% used [0x00000000e9a80000,0x00000000ea7fe438,0x00000000ea800000)
  to   space 16896K, 0% used [0x00000000e8a00000,0x00000000e8a00000,0x00000000e9a80000)
 ParOldGen       total 168960K, used 22985K [0x00000000a0000000, 0x00000000aa500000, 0x00000000e0000000)
  object space 168960K, 13% used [0x00000000a0000000,0x00000000a16724a0,0x00000000aa500000)
 Metaspace       used 48235K, capacity 49230K, committed 49536K, reserved 1091584K
  class space    used 6559K, capacity 6956K, committed 7040K, reserved 1048576K
}
Event: 12.068 GC heap before
{Heap before GC invocations=11 (full 2):
 PSYoungGen      total 155136K, used 155129K [0x00000000e0000000, 0x00000000ead00000, 0x0000000100000000)
  eden space 141312K, 100% used [0x00000000e0000000,0x00000000e8a00000,0x00000000e8a00000)
  from space 13824K, 99% used [0x00000000e9a80000,0x00000000ea7fe438,0x00000000ea800000)
  to   space 16896K, 0% used [0x00000000e8a00000,0x00000000e8a00000,0x00000000e9a80000)
 ParOldGen       total 168960K, used 22985K [0x00000000a0000000, 0x00000000aa500000, 0x00000000e0000000)
  object space 168960K, 13% used [0x00000000a0000000,0x00000000a16724a0,0x00000000aa500000)
 Metaspace       used 56099K, capacity 58150K, committed 58240K, reserved 1099776K
  class space    used 7694K, capacity 8286K, committed 8320K, reserved 1048576K
Event: 12.096 GC heap after
Heap after GC invocations=11 (full 2):
 PSYoungGen      total 158208K, used 16877K [0x00000000e0000000, 0x00000000edf00000, 0x0000000100000000)
  eden space 141312K, 0% used [0x00000000e0000000,0x00000000e0000000,0x00000000e8a00000)
  from space 16896K, 99% used [0x00000000e8a00000,0x00000000e9a7b4f8,0x00000000e9a80000)
  to   space 24064K, 0% used [0x00000000ec780000,0x00000000ec780000,0x00000000edf00000)
 ParOldGen       total 168960K, used 35847K [0x00000000a0000000, 0x00000000aa500000, 0x00000000e0000000)
  object space 168960K, 21% used [0x00000000a0000000,0x00000000a2301fc8,0x00000000aa500000)
 Metaspace       used 56099K, capacity 58150K, committed 58240K, reserved 1099776K
  class space    used 7694K, capacity 8286K, committed 8320K, reserved 1048576K
}
Event: 12.463 GC heap before
{Heap before GC invocations=12 (full 2):
 PSYoungGen      total 158208K, used 34633K [0x00000000e0000000, 0x00000000edf00000, 0x0000000100000000)
  eden space 141312K, 12% used [0x00000000e0000000,0x00000000e1157138,0x00000000e8a00000)
  from space 16896K, 99% used [0x00000000e8a00000,0x00000000e9a7b4f8,0x00000000e9a80000)
  to   space 24064K, 0% used [0x00000000ec780000,0x00000000ec780000,0x00000000edf00000)
 ParOldGen       total 168960K, used 35847K [0x00000000a0000000, 0x00000000aa500000, 0x00000000e0000000)
  object space 168960K, 21% used [0x00000000a0000000,0x00000000a2301fc8,0x00000000aa500000)
 Metaspace       used 56650K, capacity 58928K, committed 59028K, reserved 1099776K
  class space    used 7749K, capacity 8409K, committed 8448K, reserved 1048576K
Event: 12.491 GC heap after
Heap after GC invocations=12 (full 2):
 PSYoungGen      total 165376K, used 14833K [0x00000000e0000000, 0x00000000edf00000, 0x0000000100000000)
  eden space 141312K, 0% used [0x00000000e0000000,0x00000000e0000000,0x00000000e8a00000)
  from space 24064K, 61% used [0x00000000ec780000,0x00000000ed5fc698,0x00000000edf00000)
  to   space 16896K, 0% used [0x00000000e8a00000,0x00000000e8a00000,0x00000000e9a80000)
 ParOldGen       total 168960K, used 41757K [0x00000000a0000000, 0x00000000aa500000, 0x00000000e0000000)
  object space 168960K, 24% used [0x00000000a0000000,0x00000000a28c74c0,0x00000000aa500000)
 Metaspace       used 56650K, capacity 58928K, committed 59028K, reserved 1099776K
  class space    used 7749K, capacity 8409K, committed 8448K, reserved 1048576K
}
Event: 12.491 GC heap before
{Heap before GC invocations=13 (full 3):
 PSYoungGen      total 165376K, used 14833K [0x00000000e0000000, 0x00000000edf00000, 0x0000000100000000)
  eden space 141312K, 0% used [0x00000000e0000000,0x00000000e0000000,0x00000000e8a00000)
  from space 24064K, 61% used [0x00000000ec780000,0x00000000ed5fc698,0x00000000edf00000)
  to   space 16896K, 0% used [0x00000000e8a00000,0x00000000e8a00000,0x00000000e9a80000)
 ParOldGen       total 168960K, used 41757K [0x00000000a0000000, 0x00000000aa500000, 0x00000000e0000000)
  object space 168960K, 24% used [0x00000000a0000000,0x00000000a28c74c0,0x00000000aa500000)
 Metaspace       used 56650K, capacity 58928K, committed 59028K, reserved 1099776K
  class space    used 7749K, capacity 8409K, committed 8448K, reserved 1048576K
Event: 12.764 GC heap after
Heap after GC invocations=13 (full 3):
 PSYoungGen      total 165376K, used 0K [0x00000000e0000000, 0x00000000edf00000, 0x0000000100000000)
  eden space 141312K, 0% used [0x00000000e0000000,0x00000000e0000000,0x00000000e8a00000)
  from space 24064K, 0% used [0x00000000ec780000,0x00000000ec780000,0x00000000edf00000)
  to   space 16896K, 0% used [0x00000000e8a00000,0x00000000e8a00000,0x00000000e9a80000)
 ParOldGen       total 168960K, used 47664K [0x00000000a0000000, 0x00000000aa500000, 0x00000000e0000000)
  object space 168960K, 28% used [0x00000000a0000000,0x00000000a2e8c030,0x00000000aa500000)
 Metaspace       used 56650K, capacity 58928K, committed 59028K, reserved 1099776K
  class space    used 7749K, capacity 8409K, committed 8448K, reserved 1048576K
}

