# JRE version: OpenJDK Runtime Environment (8.0_152-b01) (build 1.8.0_152-release-1248-b01)
# Java VM: OpenJDK 64-Bit Server VM (25.152-b01 mixed mode windows-amd64 compressed oops)
Heap:
 PSYoungGen      total 354304K, used 196150K [0x00000000e0000000, 0x00000000f9500000, 0x0000000100000000)
  eden space 325632K, 51% used [0x00000000e0000000,0x00000000ea393288,0x00000000f3e00000)
  from space 28672K, 99% used [0x00000000f7900000,0x00000000f94fa878,0x00000000f9500000)
  to   space 32768K, 0% used [0x00000000f5500000,0x00000000f5500000,0x00000000f7500000)
 ParOldGen       total 198144K, used 43680K [0x00000000a0000000, 0x00000000ac180000, 0x00000000e0000000)
  object space 198144K, 22% used [0x00000000a0000000,0x00000000a2aa8168,0x00000000ac180000)
 Metaspace       used 68246K, capacity 71662K, committed 71896K, reserved 1112064K
  class space    used 9065K, capacity 9947K, committed 9984K, reserved 1048576K
GC Heap History (10 events):
Event: 17.132 GC heap before
{Heap before GC invocations=9 (full 2):
 PSYoungGen      total 162816K, used 148992K [0x00000000e0000000, 0x00000000ef700000, 0x0000000100000000)
  eden space 148992K, 100% used [0x00000000e0000000,0x00000000e9180000,0x00000000e9180000)
  from space 13824K, 0% used [0x00000000e9f00000,0x00000000e9f00000,0x00000000eac80000)
  to   space 13824K, 0% used [0x00000000e9180000,0x00000000e9180000,0x00000000e9f00000)
 ParOldGen       total 133120K, used 14831K [0x00000000a0000000, 0x00000000a8200000, 0x00000000e0000000)
  object space 133120K, 11% used [0x00000000a0000000,0x00000000a0e7be40,0x00000000a8200000)
 Metaspace       used 42976K, capacity 43942K, committed 44120K, reserved 1087488K
  class space    used 5881K, capacity 6239K, committed 6272K, reserved 1048576K
Event: 17.157 GC heap after
Heap after GC invocations=9 (full 2):
 PSYoungGen      total 162816K, used 13809K [0x00000000e0000000, 0x00000000f1e00000, 0x0000000100000000)
  eden space 148992K, 0% used [0x00000000e0000000,0x00000000e0000000,0x00000000e9180000)
  from space 13824K, 99% used [0x00000000e9180000,0x00000000e9efc470,0x00000000e9f00000)
  to   space 17920K, 0% used [0x00000000f0c80000,0x00000000f0c80000,0x00000000f1e00000)
 ParOldGen       total 133120K, used 19912K [0x00000000a0000000, 0x00000000a8200000, 0x00000000e0000000)
  object space 133120K, 14% used [0x00000000a0000000,0x00000000a1372318,0x00000000a8200000)
 Metaspace       used 42976K, capacity 43942K, committed 44120K, reserved 1087488K
  class space    used 5881K, capacity 6239K, committed 6272K, reserved 1048576K
}
Event: 21.931 GC heap before
{Heap before GC invocations=10 (full 2):
 PSYoungGen      total 162816K, used 162801K [0x00000000e0000000, 0x00000000f1e00000, 0x0000000100000000)
  eden space 148992K, 100% used [0x00000000e0000000,0x00000000e9180000,0x00000000e9180000)
  from space 13824K, 99% used [0x00000000e9180000,0x00000000e9efc470,0x00000000e9f00000)
  to   space 17920K, 0% used [0x00000000f0c80000,0x00000000f0c80000,0x00000000f1e00000)
 ParOldGen       total 133120K, used 19912K [0x00000000a0000000, 0x00000000a8200000, 0x00000000e0000000)
  object space 133120K, 14% used [0x00000000a0000000,0x00000000a1372318,0x00000000a8200000)
 Metaspace       used 54791K, capacity 56528K, committed 56664K, reserved 1097728K
  class space    used 7525K, capacity 8055K, committed 8064K, reserved 1048576K
Event: 21.966 GC heap after
Heap after GC invocations=10 (full 2):
 PSYoungGen      total 268288K, used 17896K [0x00000000e0000000, 0x00000000f2480000, 0x0000000100000000)
  eden space 250368K, 0% used [0x00000000e0000000,0x00000000e0000000,0x00000000ef480000)
  from space 17920K, 99% used [0x00000000f0c80000,0x00000000f1dfa268,0x00000000f1e00000)
  to   space 24576K, 0% used [0x00000000ef480000,0x00000000ef480000,0x00000000f0c80000)
 ParOldGen       total 133120K, used 29953K [0x00000000a0000000, 0x00000000a8200000, 0x00000000e0000000)
  object space 133120K, 22% used [0x00000000a0000000,0x00000000a1d405e0,0x00000000a8200000)
 Metaspace       used 54791K, capacity 56528K, committed 56664K, reserved 1097728K
  class space    used 7525K, capacity 8055K, committed 8064K, reserved 1048576K
}
Event: 24.676 GC heap before
{Heap before GC invocations=11 (full 2):
 PSYoungGen      total 268288K, used 74679K [0x00000000e0000000, 0x00000000f2480000, 0x0000000100000000)
  eden space 250368K, 22% used [0x00000000e0000000,0x00000000e3773998,0x00000000ef480000)
  from space 17920K, 99% used [0x00000000f0c80000,0x00000000f1dfa268,0x00000000f1e00000)
  to   space 24576K, 0% used [0x00000000ef480000,0x00000000ef480000,0x00000000f0c80000)
 ParOldGen       total 133120K, used 29953K [0x00000000a0000000, 0x00000000a8200000, 0x00000000e0000000)
  object space 133120K, 22% used [0x00000000a0000000,0x00000000a1d405e0,0x00000000a8200000)
 Metaspace       used 56744K, capacity 58992K, committed 59028K, reserved 1099776K
  class space    used 7767K, capacity 8412K, committed 8448K, reserved 1048576K
Event: 24.786 GC heap after
Heap after GC invocations=11 (full 2):
 PSYoungGen      total 274944K, used 24568K [0x00000000e0000000, 0x00000000f9500000, 0x0000000100000000)
  eden space 250368K, 0% used [0x00000000e0000000,0x00000000e0000000,0x00000000ef480000)
  from space 24576K, 99% used [0x00000000ef480000,0x00000000f0c7e268,0x00000000f0c80000)
  to   space 28672K, 0% used [0x00000000f7900000,0x00000000f7900000,0x00000000f9500000)
 ParOldGen       total 133120K, used 31426K [0x00000000a0000000, 0x00000000a8200000, 0x00000000e0000000)
  object space 133120K, 23% used [0x00000000a0000000,0x00000000a1eb0a20,0x00000000a8200000)
 Metaspace       used 56744K, capacity 58992K, committed 59028K, reserved 1099776K
  class space    used 7767K, capacity 8412K, committed 8448K, reserved 1048576K
}
Event: 24.786 GC heap before
{Heap before GC invocations=12 (full 3):
 PSYoungGen      total 274944K, used 24568K [0x00000000e0000000, 0x00000000f9500000, 0x0000000100000000)
  eden space 250368K, 0% used [0x00000000e0000000,0x00000000e0000000,0x00000000ef480000)
  from space 24576K, 99% used [0x00000000ef480000,0x00000000f0c7e268,0x00000000f0c80000)
  to   space 28672K, 0% used [0x00000000f7900000,0x00000000f7900000,0x00000000f9500000)
 ParOldGen       total 133120K, used 31426K [0x00000000a0000000, 0x00000000a8200000, 0x00000000e0000000)
  object space 133120K, 23% used [0x00000000a0000000,0x00000000a1eb0a20,0x00000000a8200000)
 Metaspace       used 56744K, capacity 58992K, committed 59028K, reserved 1099776K
  class space    used 7767K, capacity 8412K, committed 8448K, reserved 1048576K
Event: 25.330 GC heap after
Heap after GC invocations=12 (full 3):
 PSYoungGen      total 274944K, used 0K [0x00000000e0000000, 0x00000000f9500000, 0x0000000100000000)
  eden space 250368K, 0% used [0x00000000e0000000,0x00000000e0000000,0x00000000ef480000)
  from space 24576K, 0% used [0x00000000ef480000,0x00000000ef480000,0x00000000f0c80000)
  to   space 28672K, 0% used [0x00000000f7900000,0x00000000f7900000,0x00000000f9500000)
 ParOldGen       total 198144K, used 43296K [0x00000000a0000000, 0x00000000ac180000, 0x00000000e0000000)
  object space 198144K, 21% used [0x00000000a0000000,0x00000000a2a48058,0x00000000ac180000)
 Metaspace       used 56744K, capacity 58992K, committed 59028K, reserved 1099776K
  class space    used 7767K, capacity 8412K, committed 8448K, reserved 1048576K
}
Event: 47.882 GC heap before
{Heap before GC invocations=13 (full 3):
 PSYoungGen      total 274944K, used 250368K [0x00000000e0000000, 0x00000000f9500000, 0x0000000100000000)
  eden space 250368K, 100% used [0x00000000e0000000,0x00000000ef480000,0x00000000ef480000)
  from space 24576K, 0% used [0x00000000ef480000,0x00000000ef480000,0x00000000f0c80000)
  to   space 28672K, 0% used [0x00000000f7900000,0x00000000f7900000,0x00000000f9500000)
 ParOldGen       total 198144K, used 43296K [0x00000000a0000000, 0x00000000ac180000, 0x00000000e0000000)
  object space 198144K, 21% used [0x00000000a0000000,0x00000000a2a48058,0x00000000ac180000)
 Metaspace       used 64451K, capacity 67694K, committed 67800K, reserved 1107968K
  class space    used 8604K, capacity 9416K, committed 9472K, reserved 1048576K
Event: 47.969 GC heap after
Heap after GC invocations=13 (full 3):
 PSYoungGen      total 354304K, used 28650K [0x00000000e0000000, 0x00000000f9500000, 0x0000000100000000)
  eden space 325632K, 0% used [0x00000000e0000000,0x00000000e0000000,0x00000000f3e00000)
  from space 28672K, 99% used [0x00000000f7900000,0x00000000f94fa878,0x00000000f9500000)
  to   space 32768K, 0% used [0x00000000f5500000,0x00000000f5500000,0x00000000f7500000)
 ParOldGen       total 198144K, used 43680K [0x00000000a0000000, 0x00000000ac180000, 0x00000000e0000000)
  object space 198144K, 22% used [0x00000000a0000000,0x00000000a2aa8168,0x00000000ac180000)
 Metaspace       used 64451K, capacity 67694K, committed 67800K, reserved 1107968K
  class space    used 8604K, capacity 9416K, committed 9472K, reserved 1048576K
}

